<?xml version="1.0" encoding="UTF-8"?>
<testsuite name="WordTest" tests="7" skipped="0" failures="0" errors="0" timestamp="2016-04-29T19:59:00" hostname="epicodus-117.local" time="0.007">
  <properties/>
  <testcase name="find_returnsWordWithSameId_secondWord" classname="WordTest" time="0.001"/>
  <testcase name="Word_instantiatesCorrectly_true" classname="WordTest" time="0.0"/>
  <testcase name="retrieveAll_returnAllInstancesOfWord_true" classname="WordTest" time="0.0"/>
  <testcase name="getWord_wordInstantiatesWithWord_String" classname="WordTest" time="0.002"/>
  <testcase name="clearWord_emptiesAllWordsFromList_0" classname="WordTest" time="0.001"/>
  <testcase name="getId_wordsInstantiateWithAnID_1" classname="WordTest" time="0.001"/>
  <testcase name="find_returnsNullWhenNoWordFound_null" classname="WordTest" time="0.001"/>
  <system-out><![CDATA[]]></system-out>
  <system-err><![CDATA[]]></system-err>
</testsuite>
