<?xml version="1.0" encoding="UTF-8"?>
<testsuite name="DefinitionTest" tests="4" skipped="0" failures="0" errors="0" timestamp="2016-04-29T16:10:25" hostname="epicodus-117.local" time="0.001">
  <properties/>
  <testcase name="Definition_instantiatesWithMeaning_String" classname="DefinitionTest" time="0.001"/>
  <testcase name="clearDefiniton_emptiesAllDefinitionsFromArrayList_0" classname="DefinitionTest" time="0.0"/>
  <testcase name="Definition_instantiatesCorrectly_true" classname="DefinitionTest" time="0.0"/>
  <testcase name="retrieveAll_returnAllInstancesOfDefinition_true" classname="DefinitionTest" time="0.0"/>
  <system-out><![CDATA[]]></system-out>
  <system-err><![CDATA[]]></system-err>
</testsuite>
